android/app/build/intermediates/manifest_merge_blame_file/debug/processDebugMainManifest/manifest-merger-blame-debug-report.txt
1<?xml version="1.0" encoding="utf-8"?>
2<manifest xmlns:android="http://schemas.android.com/apk/res/android"
3    package="de.joancode.schnell_verkauf"
4    android:versionCode="1"
5    android:versionName="1.0.0" >
6
7    <uses-sdk
8        android:minSdkVersion="21"
9        android:targetSdkVersion="35" />
10    <!--
11         The INTERNET permission is required for development. Specifically,
12         the Flutter tool needs it to communicate with the running application
13         to allow setting breakpoints, to provide hot reload, etc.
14    -->
15    <uses-permission android:name="android.permission.INTERNET" />
15-->src\main\AndroidManifest.xml:8:5-67
15-->src\main\AndroidManifest.xml:8:22-64
16    <!-- Permissions for camera, internet and storage -->
17    <uses-permission android:name="android.permission.CAMERA" />
17-->src\main\AndroidManifest.xml:3:5-65
17-->src\main\AndroidManifest.xml:3:22-62
18    <uses-permission android:name="android.permission.WRITE_EXTERNAL_STORAGE" />
18-->src\main\AndroidManifest.xml:4:5-81
18-->src\main\AndroidManifest.xml:4:22-78
19    <uses-permission android:name="android.permission.READ_EXTERNAL_STORAGE" /> <!-- Android 13+ scoped media permission for images -->
19-->src\main\AndroidManifest.xml:5:5-80
19-->src\main\AndroidManifest.xml:5:22-77
20    <uses-permission android:name="android.permission.READ_MEDIA_IMAGES" />
20-->src\main\AndroidManifest.xml:7:5-76
20-->src\main\AndroidManifest.xml:7:22-73
21    <uses-permission android:name="android.permission.ACCESS_NETWORK_STATE" />
21-->src\main\AndroidManifest.xml:9:5-79
21-->src\main\AndroidManifest.xml:9:22-76
22
23    <uses-feature
23-->src\main\AndroidManifest.xml:11:5-84
24        android:name="android.hardware.camera"
24-->src\main\AndroidManifest.xml:11:19-57
25        android:required="true" />
25-->src\main\AndroidManifest.xml:11:58-81
26    <uses-feature android:name="android.hardware.camera.autofocus" />
26-->src\main\AndroidManifest.xml:12:5-70
26-->src\main\AndroidManifest.xml:12:19-67
27    <!--
28 Required to query activities that can process text, see:
29         https://developer.android.com/training/package-visibility and
30         https://developer.android.com/reference/android/content/Intent#ACTION_PROCESS_TEXT.
31
32         In particular, this is used by the Flutter engine in io.flutter.plugin.text.ProcessTextPlugin.
33    -->
34    <queries>
34-->src\main\AndroidManifest.xml:53:5-58:15
35        <intent>
35-->src\main\AndroidManifest.xml:54:9-57:18
36            <action android:name="android.intent.action.PROCESS_TEXT" />
36-->src\main\AndroidManifest.xml:55:13-72
36-->src\main\AndroidManifest.xml:55:21-70
37
38            <data android:mimeType="text/plain" />
38-->src\main\AndroidManifest.xml:56:13-50
38-->src\main\AndroidManifest.xml:56:19-48
39        </intent>
40    </queries>
41
42    <uses-permission android:name="android.permission.RECORD_AUDIO" />
42-->[:camera_android] AndroidManifest.xml:8:5-71
42-->[:camera_android] AndroidManifest.xml:8:22-68
43
44    <permission
44-->[androidx.core:core:1.13.1] AndroidManifest.xml:22:5-24:47
45        android:name="de.joancode.schnell_verkauf.DYNAMIC_RECEIVER_NOT_EXPORTED_PERMISSION"
45-->[androidx.core:core:1.13.1] AndroidManifest.xml:23:9-81
46        android:protectionLevel="signature" />
46-->[androidx.core:core:1.13.1] AndroidManifest.xml:24:9-44
47
48    <uses-permission android:name="de.joancode.schnell_verkauf.DYNAMIC_RECEIVER_NOT_EXPORTED_PERMISSION" />
48-->[androidx.core:core:1.13.1] AndroidManifest.xml:26:5-97
48-->[androidx.core:core:1.13.1] AndroidManifest.xml:26:22-94
49
50    <application
51        android:name="android.app.Application"
52        android:appComponentFactory="androidx.core.app.CoreComponentFactory"
52-->[androidx.core:core:1.13.1] AndroidManifest.xml:28:18-86
53        android:debuggable="true"
54        android:extractNativeLibs="true"
55        android:icon="@mipmap/ic_launcher"
56        android:label="schnell_verkauf"
57        android:requestLegacyExternalStorage="true"
58        android:usesCleartextTraffic="true" >
59        <activity
60            android:name="de.joancode.schnell_verkauf.MainActivity"
61            android:configChanges="orientation|keyboardHidden|keyboard|screenSize|smallestScreenSize|locale|layoutDirection|fontScale|screenLayout|density|uiMode"
62            android:exported="true"
63            android:hardwareAccelerated="true"
64            android:launchMode="singleTop"
65            android:taskAffinity=""
66            android:theme="@style/LaunchTheme"
67            android:windowSoftInputMode="adjustResize" >
68
69            <!--
70                 Specifies an Android theme to apply to this Activity as soon as
71                 the Android process has started. This theme is visible to the user
72                 while the Flutter UI initializes. After that, this theme continues
73                 to determine the Window background behind the Flutter UI.
74            -->
75            <meta-data
76                android:name="io.flutter.embedding.android.NormalTheme"
77                android:resource="@style/NormalTheme" />
78
79            <intent-filter>
80                <action android:name="android.intent.action.MAIN" />
81
82                <category android:name="android.intent.category.LAUNCHER" />
83            </intent-filter>
84        </activity>
85        <!--
86             Don't delete the meta-data below.
87             This is used by the Flutter tool to generate GeneratedPluginRegistrant.java
88        -->
89        <meta-data
90            android:name="flutterEmbedding"
91            android:value="2" />
92
93        <provider
93-->[:image_picker_android] AndroidManifest.xml:9:9-17:20
94            android:name="io.flutter.plugins.imagepicker.ImagePickerFileProvider"
94-->[:image_picker_android] AndroidManifest.xml:10:13-82
95            android:authorities="de.joancode.schnell_verkauf.flutter.image_provider"
95-->[:image_picker_android] AndroidManifest.xml:11:13-74
96            android:exported="false"
96-->[:image_picker_android] AndroidManifest.xml:12:13-37
97            android:grantUriPermissions="true" >
97-->[:image_picker_android] AndroidManifest.xml:13:13-47
98            <meta-data
98-->[:image_picker_android] AndroidManifest.xml:14:13-16:75
99                android:name="android.support.FILE_PROVIDER_PATHS"
99-->[:image_picker_android] AndroidManifest.xml:15:17-67
100                android:resource="@xml/flutter_image_picker_file_paths" />
100-->[:image_picker_android] AndroidManifest.xml:16:17-72
101        </provider> <!-- Trigger Google Play services to install the backported photo picker module. -->
102        <service
102-->[:image_picker_android] AndroidManifest.xml:19:9-31:19
103            android:name="com.google.android.gms.metadata.ModuleDependencies"
103-->[:image_picker_android] AndroidManifest.xml:20:13-78
104            android:enabled="false"
104-->[:image_picker_android] AndroidManifest.xml:21:13-36
105            android:exported="false" >
105-->[:image_picker_android] AndroidManifest.xml:22:13-37
106            <intent-filter>
106-->[:image_picker_android] AndroidManifest.xml:24:13-26:29
107                <action android:name="com.google.android.gms.metadata.MODULE_DEPENDENCIES" />
107-->[:image_picker_android] AndroidManifest.xml:25:17-94
107-->[:image_picker_android] AndroidManifest.xml:25:25-91
108            </intent-filter>
109
110            <meta-data
110-->[:image_picker_android] AndroidManifest.xml:28:13-30:36
111                android:name="photopicker_activity:0:required"
111-->[:image_picker_android] AndroidManifest.xml:29:17-63
112                android:value="" />
112-->[:image_picker_android] AndroidManifest.xml:30:17-33
113        </service>
114
115        <uses-library
115-->[androidx.window:window:1.2.0] AndroidManifest.xml:23:9-25:40
116            android:name="androidx.window.extensions"
116-->[androidx.window:window:1.2.0] AndroidManifest.xml:24:13-54
117            android:required="false" />
117-->[androidx.window:window:1.2.0] AndroidManifest.xml:25:13-37
118        <uses-library
118-->[androidx.window:window:1.2.0] AndroidManifest.xml:26:9-28:40
119            android:name="androidx.window.sidecar"
119-->[androidx.window:window:1.2.0] AndroidManifest.xml:27:13-51
120            android:required="false" />
120-->[androidx.window:window:1.2.0] AndroidManifest.xml:28:13-37
121
122        <provider
122-->[androidx.lifecycle:lifecycle-process:2.7.0] AndroidManifest.xml:24:9-32:20
123            android:name="androidx.startup.InitializationProvider"
123-->[androidx.lifecycle:lifecycle-process:2.7.0] AndroidManifest.xml:25:13-67
124            android:authorities="de.joancode.schnell_verkauf.androidx-startup"
124-->[androidx.lifecycle:lifecycle-process:2.7.0] AndroidManifest.xml:26:13-68
125            android:exported="false" >
125-->[androidx.lifecycle:lifecycle-process:2.7.0] AndroidManifest.xml:27:13-37
126            <meta-data
126-->[androidx.lifecycle:lifecycle-process:2.7.0] AndroidManifest.xml:29:13-31:52
127                android:name="androidx.lifecycle.ProcessLifecycleInitializer"
127-->[androidx.lifecycle:lifecycle-process:2.7.0] AndroidManifest.xml:30:17-78
128                android:value="androidx.startup" />
128-->[androidx.lifecycle:lifecycle-process:2.7.0] AndroidManifest.xml:31:17-49
129            <meta-data
129-->[androidx.profileinstaller:profileinstaller:1.4.0] AndroidManifest.xml:29:13-31:52
130                android:name="androidx.profileinstaller.ProfileInstallerInitializer"
130-->[androidx.profileinstaller:profileinstaller:1.4.0] AndroidManifest.xml:30:17-85
131                android:value="androidx.startup" />
131-->[androidx.profileinstaller:profileinstaller:1.4.0] AndroidManifest.xml:31:17-49
132        </provider>
133
134        <receiver
134-->[androidx.profileinstaller:profileinstaller:1.4.0] AndroidManifest.xml:34:9-52:20
135            android:name="androidx.profileinstaller.ProfileInstallReceiver"
135-->[androidx.profileinstaller:profileinstaller:1.4.0] AndroidManifest.xml:35:13-76
136            android:directBootAware="false"
136-->[androidx.profileinstaller:profileinstaller:1.4.0] AndroidManifest.xml:36:13-44
137            android:enabled="true"
137-->[androidx.profileinstaller:profileinstaller:1.4.0] AndroidManifest.xml:37:13-35
138            android:exported="true"
138-->[androidx.profileinstaller:profileinstaller:1.4.0] AndroidManifest.xml:38:13-36
139            android:permission="android.permission.DUMP" >
139-->[androidx.profileinstaller:profileinstaller:1.4.0] AndroidManifest.xml:39:13-57
140            <intent-filter>
140-->[androidx.profileinstaller:profileinstaller:1.4.0] AndroidManifest.xml:40:13-42:29
141                <action android:name="androidx.profileinstaller.action.INSTALL_PROFILE" />
141-->[androidx.profileinstaller:profileinstaller:1.4.0] AndroidManifest.xml:41:17-91
141-->[androidx.profileinstaller:profileinstaller:1.4.0] AndroidManifest.xml:41:25-88
142            </intent-filter>
143            <intent-filter>
143-->[androidx.profileinstaller:profileinstaller:1.4.0] AndroidManifest.xml:43:13-45:29
144                <action android:name="androidx.profileinstaller.action.SKIP_FILE" />
144-->[androidx.profileinstaller:profileinstaller:1.4.0] AndroidManifest.xml:44:17-85
144-->[androidx.profileinstaller:profileinstaller:1.4.0] AndroidManifest.xml:44:25-82
145            </intent-filter>
146            <intent-filter>
146-->[androidx.profileinstaller:profileinstaller:1.4.0] AndroidManifest.xml:46:13-48:29
147                <action android:name="androidx.profileinstaller.action.SAVE_PROFILE" />
147-->[androidx.profileinstaller:profileinstaller:1.4.0] AndroidManifest.xml:47:17-88
147-->[androidx.profileinstaller:profileinstaller:1.4.0] AndroidManifest.xml:47:25-85
148            </intent-filter>
149            <intent-filter>
149-->[androidx.profileinstaller:profileinstaller:1.4.0] AndroidManifest.xml:49:13-51:29
150                <action android:name="androidx.profileinstaller.action.BENCHMARK_OPERATION" />
150-->[androidx.profileinstaller:profileinstaller:1.4.0] AndroidManifest.xml:50:17-95
150-->[androidx.profileinstaller:profileinstaller:1.4.0] AndroidManifest.xml:50:25-92
151            </intent-filter>
152        </receiver>
153    </application>
154
155</manifest>